2022-10-02 16:33:40.746 [org.hibernate.jpa.internal.util.LogHelper.logPersistenceUnitInformation(LogHelper.java:31)] - HHH000204: Processing PersistenceUnitInfo [name: wcd-persistence]
2022-10-02 16:33:40.799 [org.hibernate.Version.logVersion(Version.java:44)] - HHH000412: Hibernate ORM core version 5.6.10.Final
2022-10-02 16:33:40.975 [org.hibernate.annotations.common.reflection.java.JavaReflectionManager.<clinit>(JavaReflectionManager.java:56)] - HCANN000001: Hibernate Commons Annotations {5.1.2.Final}
2022-10-02 16:33:41.207 [org.hibernate.engine.jdbc.connections.internal.DriverManagerConnectionProviderImpl.configure(DriverManagerConnectionProviderImpl.java:75)] - HHH10001002: Using Hibernate built-in connection pool (not for production use!)
2022-10-02 16:33:41.212 [org.hibernate.engine.jdbc.connections.internal.DriverManagerConnectionProviderImpl.buildCreator(DriverManagerConnectionProviderImpl.java:119)] - HHH10001005: using driver [com.mysql.jdbc.Driver] at URL [jdbc:mysql://localhost:3306/shopping?useSSL=false&useUnicode=true&characterEncoding=UTF-8]
2022-10-02 16:33:41.213 [org.hibernate.engine.jdbc.connections.internal.DriverManagerConnectionProviderImpl.buildCreator(DriverManagerConnectionProviderImpl.java:128)] - HHH10001001: Connection properties: {password=****, user=root}
2022-10-02 16:33:41.213 [org.hibernate.engine.jdbc.connections.internal.DriverManagerConnectionProviderImpl.buildCreator(DriverManagerConnectionProviderImpl.java:132)] - HHH10001003: Autocommit mode: false
2022-10-02 16:33:41.215 [org.hibernate.engine.jdbc.connections.internal.DriverManagerConnectionProviderImpl$PooledConnections.<init>(DriverManagerConnectionProviderImpl.java:322)] - HHH000115: Hibernate connection pool size: 20 (min=1)
2022-10-02 16:33:41.419 [org.hibernate.dialect.Dialect.<init>(Dialect.java:175)] - HHH000400: Using dialect: org.hibernate.dialect.MySQL57Dialect
2022-10-02 16:33:41.936 [org.hibernate.engine.transaction.jta.platform.internal.JtaPlatformInitiator.initiateService(JtaPlatformInitiator.java:52)] - HHH000490: Using JtaPlatform implementation: [org.hibernate.engine.transaction.jta.platform.internal.NoJtaPlatform]
2022-10-02 21:18:17.142 [org.hibernate.jpa.internal.util.LogHelper.logPersistenceUnitInformation(LogHelper.java:31)] - HHH000204: Processing PersistenceUnitInfo [name: wcd-persistence]
2022-10-02 21:18:17.228 [org.hibernate.Version.logVersion(Version.java:44)] - HHH000412: Hibernate ORM core version 5.6.10.Final
2022-10-02 21:18:17.488 [org.hibernate.annotations.common.reflection.java.JavaReflectionManager.<clinit>(JavaReflectionManager.java:56)] - HCANN000001: Hibernate Commons Annotations {5.1.2.Final}
2022-10-02 21:18:17.759 [org.hibernate.engine.jdbc.connections.internal.DriverManagerConnectionProviderImpl.configure(DriverManagerConnectionProviderImpl.java:75)] - HHH10001002: Using Hibernate built-in connection pool (not for production use!)
2022-10-02 21:18:17.766 [org.hibernate.engine.jdbc.connections.internal.DriverManagerConnectionProviderImpl.buildCreator(DriverManagerConnectionProviderImpl.java:119)] - HHH10001005: using driver [com.mysql.jdbc.Driver] at URL [jdbc:mysql://localhost:3306/shopping?useSSL=false&useUnicode=true&characterEncoding=UTF-8]
2022-10-02 21:18:17.766 [org.hibernate.engine.jdbc.connections.internal.DriverManagerConnectionProviderImpl.buildCreator(DriverManagerConnectionProviderImpl.java:128)] - HHH10001001: Connection properties: {password=****, user=root}
2022-10-02 21:18:17.766 [org.hibernate.engine.jdbc.connections.internal.DriverManagerConnectionProviderImpl.buildCreator(DriverManagerConnectionProviderImpl.java:132)] - HHH10001003: Autocommit mode: false
2022-10-02 21:18:17.770 [org.hibernate.engine.jdbc.connections.internal.DriverManagerConnectionProviderImpl$PooledConnections.<init>(DriverManagerConnectionProviderImpl.java:322)] - HHH000115: Hibernate connection pool size: 20 (min=1)
2022-10-02 21:18:18.022 [org.hibernate.dialect.Dialect.<init>(Dialect.java:175)] - HHH000400: Using dialect: org.hibernate.dialect.MySQL57Dialect
2022-10-02 21:18:18.788 [org.hibernate.engine.transaction.jta.platform.internal.JtaPlatformInitiator.initiateService(JtaPlatformInitiator.java:52)] - HHH000490: Using JtaPlatform implementation: [org.hibernate.engine.transaction.jta.platform.internal.NoJtaPlatform]
2022-10-02 21:51:35.562 [org.hibernate.jpa.internal.util.LogHelper.logPersistenceUnitInformation(LogHelper.java:31)] - HHH000204: Processing PersistenceUnitInfo [name: wcd-persistence]
2022-10-02 21:51:35.602 [org.hibernate.Version.logVersion(Version.java:44)] - HHH000412: Hibernate ORM core version 5.6.10.Final
2022-10-02 21:51:35.735 [org.hibernate.annotations.common.reflection.java.JavaReflectionManager.<clinit>(JavaReflectionManager.java:56)] - HCANN000001: Hibernate Commons Annotations {5.1.2.Final}
2022-10-02 21:51:35.936 [org.hibernate.engine.jdbc.connections.internal.DriverManagerConnectionProviderImpl.configure(DriverManagerConnectionProviderImpl.java:75)] - HHH10001002: Using Hibernate built-in connection pool (not for production use!)
2022-10-02 21:51:35.940 [org.hibernate.engine.jdbc.connections.internal.DriverManagerConnectionProviderImpl.buildCreator(DriverManagerConnectionProviderImpl.java:119)] - HHH10001005: using driver [com.mysql.jdbc.Driver] at URL [jdbc:mysql://localhost:3306/shopping?useSSL=false&useUnicode=true&characterEncoding=UTF-8]
2022-10-02 21:51:35.941 [org.hibernate.engine.jdbc.connections.internal.DriverManagerConnectionProviderImpl.buildCreator(DriverManagerConnectionProviderImpl.java:128)] - HHH10001001: Connection properties: {password=****, user=root}
2022-10-02 21:51:35.941 [org.hibernate.engine.jdbc.connections.internal.DriverManagerConnectionProviderImpl.buildCreator(DriverManagerConnectionProviderImpl.java:132)] - HHH10001003: Autocommit mode: false
2022-10-02 21:51:35.943 [org.hibernate.engine.jdbc.connections.internal.DriverManagerConnectionProviderImpl$PooledConnections.<init>(DriverManagerConnectionProviderImpl.java:322)] - HHH000115: Hibernate connection pool size: 20 (min=1)
2022-10-02 21:51:36.115 [org.hibernate.dialect.Dialect.<init>(Dialect.java:175)] - HHH000400: Using dialect: org.hibernate.dialect.MySQL57Dialect
2022-10-02 21:51:36.610 [org.hibernate.engine.transaction.jta.platform.internal.JtaPlatformInitiator.initiateService(JtaPlatformInitiator.java:52)] - HHH000490: Using JtaPlatform implementation: [org.hibernate.engine.transaction.jta.platform.internal.NoJtaPlatform]
2022-10-02 21:51:42.234 [org.hibernate.jpa.internal.util.LogHelper.logPersistenceUnitInformation(LogHelper.java:31)] - HHH000204: Processing PersistenceUnitInfo [name: wcd-persistence]
2022-10-02 21:51:42.284 [org.hibernate.Version.logVersion(Version.java:44)] - HHH000412: Hibernate ORM core version 5.6.10.Final
2022-10-02 21:51:42.445 [org.hibernate.annotations.common.reflection.java.JavaReflectionManager.<clinit>(JavaReflectionManager.java:56)] - HCANN000001: Hibernate Commons Annotations {5.1.2.Final}
2022-10-02 21:51:42.647 [org.hibernate.engine.jdbc.connections.internal.DriverManagerConnectionProviderImpl.configure(DriverManagerConnectionProviderImpl.java:75)] - HHH10001002: Using Hibernate built-in connection pool (not for production use!)
2022-10-02 21:51:42.652 [org.hibernate.engine.jdbc.connections.internal.DriverManagerConnectionProviderImpl.buildCreator(DriverManagerConnectionProviderImpl.java:119)] - HHH10001005: using driver [com.mysql.jdbc.Driver] at URL [jdbc:mysql://localhost:3306/shopping?useSSL=false&useUnicode=true&characterEncoding=UTF-8]
2022-10-02 21:51:42.652 [org.hibernate.engine.jdbc.connections.internal.DriverManagerConnectionProviderImpl.buildCreator(DriverManagerConnectionProviderImpl.java:128)] - HHH10001001: Connection properties: {password=****, user=root}
2022-10-02 21:51:42.653 [org.hibernate.engine.jdbc.connections.internal.DriverManagerConnectionProviderImpl.buildCreator(DriverManagerConnectionProviderImpl.java:132)] - HHH10001003: Autocommit mode: false
2022-10-02 21:51:42.655 [org.hibernate.engine.jdbc.connections.internal.DriverManagerConnectionProviderImpl$PooledConnections.<init>(DriverManagerConnectionProviderImpl.java:322)] - HHH000115: Hibernate connection pool size: 20 (min=1)
2022-10-02 21:51:42.838 [org.hibernate.dialect.Dialect.<init>(Dialect.java:175)] - HHH000400: Using dialect: org.hibernate.dialect.MySQL57Dialect
2022-10-02 21:51:43.369 [org.hibernate.engine.transaction.jta.platform.internal.JtaPlatformInitiator.initiateService(JtaPlatformInitiator.java:52)] - HHH000490: Using JtaPlatform implementation: [org.hibernate.engine.transaction.jta.platform.internal.NoJtaPlatform]
